2026-01-07 18:50:23 -0700 - dagster - DEBUG - monthly_ingestion - d9c0efd2-1f31-48d1-8090-d4e24e67d4c3 - 76843 - LOGS_CAPTURED - Started capturing logs in process (pid: 76843).
2026-01-07 18:50:23 -0700 - dagster - DEBUG - monthly_ingestion - d9c0efd2-1f31-48d1-8090-d4e24e67d4c3 - 76843 - monthly_dbt_transformation - STEP_START - Started execution of step "monthly_dbt_transformation".
2026-01-07 18:50:23 -0700 - dagster - DEBUG - monthly_ingestion - d9c0efd2-1f31-48d1-8090-d4e24e67d4c3 - monthly_dbt_transformation - Loading file from: /Users/brandoncgay/Documents/Projects/nyc-mobility-weather-analytics/tmpvxdhpv0z/storage/monthly_dlt_ingestion using PickledObjectFilesystemIOManager...
2026-01-07 18:50:23 -0700 - dagster - DEBUG - monthly_ingestion - d9c0efd2-1f31-48d1-8090-d4e24e67d4c3 - 76843 - monthly_dbt_transformation - LOADED_INPUT - Loaded input "monthly_dlt_ingestion" using input manager "io_manager", from output "result" of step "monthly_dlt_ingestion"
2026-01-07 18:50:23 -0700 - dagster - DEBUG - monthly_ingestion - d9c0efd2-1f31-48d1-8090-d4e24e67d4c3 - 76843 - monthly_dbt_transformation - STEP_INPUT - Got input "monthly_dlt_ingestion" of type "dict". (Type check passed).
2026-01-07 18:50:23 -0700 - dagster - INFO - monthly_ingestion - d9c0efd2-1f31-48d1-8090-d4e24e67d4c3 - monthly_dbt_transformation - Starting dbt transformation for 2025-09 data (incremental mode)
2026-01-07 18:50:29 -0700 - dagster - INFO - monthly_ingestion - d9c0efd2-1f31-48d1-8090-d4e24e67d4c3 - monthly_dbt_transformation - dbt stdout (last 2000 chars): tg_citibike__trips .......................... [RUN]
[0m01:50:25  1 of 11 OK created sql table model core_core.dim_date .......................... [[32mOK[0m in 0.08s]
[0m01:50:25  4 of 11 OK created sql table model core_core.metricflow_time_spine ............. [[32mOK[0m in 0.12s]
[0m01:50:25  6 of 11 START sql view model core.stg_tlc__fhv_taxi ............................ [RUN]
[0m01:50:25  7 of 11 START sql view model core.stg_tlc__yellow_taxi ......................... [RUN]
[0m01:50:25  8 of 11 START sql view model core.stg_weather__hourly .......................... [RUN]
[0m01:50:25  5 of 11 OK created sql view model core.stg_citibike__trips ..................... [[32mOK[0m in 0.05s]
[0m01:50:25  7 of 11 OK created sql view model core.stg_tlc__yellow_taxi .................... [[32mOK[0m in 0.05s]
[0m01:50:25  6 of 11 OK created sql view model core.stg_tlc__fhv_taxi ....................... [[32mOK[0m in 0.05s]
[0m01:50:25  8 of 11 OK created sql view model core.stg_weather__hourly ..................... [[32mOK[0m in 0.08s]
[0m01:50:25  9 of 11 START sql table model core_core.dim_weather ............................ [RUN]
[0m01:50:25  9 of 11 OK created sql table model core_core.dim_weather ....................... [[32mOK[0m in 0.06s]
[0m01:50:25  10 of 11 START sql incremental model core_core.fct_trips ....................... [RUN]
[0m01:50:27  10 of 11 OK created sql incremental model core_core.fct_trips .................. [[32mOK[0m in 1.76s]
[0m01:50:27  11 of 11 START sql incremental model core_core.fct_hourly_mobility ............. [RUN]
[0m01:50:28  11 of 11 OK created sql incremental model core_core.fct_hourly_mobility ........ [[32mOK[0m in 0.57s]
[0m01:50:28  
[0m01:50:28  Finished running 5 table models, 4 view models, 2 incremental models in 0 hours 0 minutes and 2.71 seconds (2.71s).
[0m01:50:28  
[0m01:50:28  [32mCompleted successfully[0m
[0m01:50:28  
[0m01:50:28  Done. PASS=11 WARN=0 ERROR=0 SKIP=0 TOTAL=11

2026-01-07 18:50:29 -0700 - dagster - INFO - monthly_ingestion - d9c0efd2-1f31-48d1-8090-d4e24e67d4c3 - monthly_dbt_transformation - ✓ dbt run successful for 2025-09: 11 models completed
2026-01-07 18:50:29 -0700 - dagster - DEBUG - monthly_ingestion - d9c0efd2-1f31-48d1-8090-d4e24e67d4c3 - 76843 - monthly_dbt_transformation - STEP_OUTPUT - Yielded output "result" of type "dict". (Type check passed).
2026-01-07 18:50:29 -0700 - dagster - DEBUG - monthly_ingestion - d9c0efd2-1f31-48d1-8090-d4e24e67d4c3 - monthly_dbt_transformation - Writing file at: /Users/brandoncgay/Documents/Projects/nyc-mobility-weather-analytics/tmpvxdhpv0z/storage/monthly_dbt_transformation using PickledObjectFilesystemIOManager...
2026-01-07 18:50:29 -0700 - dagster - DEBUG - monthly_ingestion - d9c0efd2-1f31-48d1-8090-d4e24e67d4c3 - 76843 - monthly_dbt_transformation - ASSET_MATERIALIZATION - Materialized value monthly_dbt_transformation.
2026-01-07 18:50:29 -0700 - dagster - DEBUG - monthly_ingestion - d9c0efd2-1f31-48d1-8090-d4e24e67d4c3 - 76843 - monthly_dbt_transformation - HANDLED_OUTPUT - Handled output "result" using IO manager "io_manager"
2026-01-07 18:50:29 -0700 - dagster - DEBUG - monthly_ingestion - d9c0efd2-1f31-48d1-8090-d4e24e67d4c3 - 76843 - monthly_dbt_transformation - STEP_SUCCESS - Finished execution of step "monthly_dbt_transformation" in 5.89s.
