2026-01-07 18:14:40 -0700 - dagster - DEBUG - monthly_ingestion - abaaf73b-46ac-410e-8d4e-1ffeca47d67a - 70333 - LOGS_CAPTURED - Started capturing logs in process (pid: 70333).
2026-01-07 18:14:40 -0700 - dagster - DEBUG - monthly_ingestion - abaaf73b-46ac-410e-8d4e-1ffeca47d67a - 70333 - monthly_dlt_ingestion - STEP_START - Started execution of step "monthly_dlt_ingestion".
2026-01-07 18:14:40 -0700 - dagster - INFO - monthly_ingestion - abaaf73b-46ac-410e-8d4e-1ffeca47d67a - monthly_dlt_ingestion - Starting DLT ingestion for 2025-09 (sources: taxi,citibike,weather)
2026-01-07 18:14:40 -0700 - dagster - INFO - monthly_ingestion - abaaf73b-46ac-410e-8d4e-1ffeca47d67a - monthly_dlt_ingestion - Running command: poetry run python /Users/brandoncgay/Documents/Projects/nyc-mobility-weather-analytics/src/ingestion/run_pipeline.py --year 2025 --months 9 --sources taxi,citibike,weather
2026-01-07 18:16:09 -0700 - dagster - ERROR - monthly_ingestion - abaaf73b-46ac-410e-8d4e-1ffeca47d67a - 70333 - monthly_dlt_ingestion - STEP_FAILURE - Execution of step "monthly_dlt_ingestion" failed.

dagster._core.errors.DagsterExecutionInterruptedError

Stack Trace:
  File "/Users/brandoncgay/Library/Caches/pypoetry/virtualenvs/nyc-mobility-weather-analytics-No2Cn8th-py3.12/lib/python3.12/site-packages/dagster/_core/execution/plan/execute_plan.py", line 282, in dagster_event_sequence_for_step
    for step_event in check.generator(step_events):
                      ^^^^^^^^^^^^^^^^^^^^^^^^^^^^
  File "/Users/brandoncgay/Library/Caches/pypoetry/virtualenvs/nyc-mobility-weather-analytics-No2Cn8th-py3.12/lib/python3.12/site-packages/dagster/_core/execution/plan/execute_step.py", line 494, in core_dagster_event_sequence_for_step
    for user_event in _step_output_error_checked_user_event_sequence(
                      ^^^^^^^^^^^^^^^^^^^^^^^^^^^^^^^^^^^^^^^^^^^^^^^
  File "/Users/brandoncgay/Library/Caches/pypoetry/virtualenvs/nyc-mobility-weather-analytics-No2Cn8th-py3.12/lib/python3.12/site-packages/dagster/_core/execution/plan/execute_step.py", line 183, in _step_output_error_checked_user_event_sequence
    for user_event in user_event_sequence:
                      ^^^^^^^^^^^^^^^^^^^
  File "/Users/brandoncgay/Library/Caches/pypoetry/virtualenvs/nyc-mobility-weather-analytics-No2Cn8th-py3.12/lib/python3.12/site-packages/dagster/_core/execution/plan/execute_step.py", line 88, in _process_asset_results_to_events
    for user_event in user_event_sequence:
                      ^^^^^^^^^^^^^^^^^^^
  File "/Users/brandoncgay/Library/Caches/pypoetry/virtualenvs/nyc-mobility-weather-analytics-No2Cn8th-py3.12/lib/python3.12/site-packages/dagster/_core/execution/plan/compute.py", line 198, in execute_core_compute
    for step_output in _yield_compute_results(step_context, inputs, compute_fn, compute_context):
                       ^^^^^^^^^^^^^^^^^^^^^^^^^^^^^^^^^^^^^^^^^^^^^^^^^^^^^^^^^^^^^^^^^^^^^^^^^
  File "/Users/brandoncgay/Library/Caches/pypoetry/virtualenvs/nyc-mobility-weather-analytics-No2Cn8th-py3.12/lib/python3.12/site-packages/dagster/_core/execution/plan/compute.py", line 167, in _yield_compute_results
    for event in iterate_with_context(
                 ^^^^^^^^^^^^^^^^^^^^^
  File "/Users/brandoncgay/Library/Caches/pypoetry/virtualenvs/nyc-mobility-weather-analytics-No2Cn8th-py3.12/lib/python3.12/site-packages/dagster/_utils/__init__.py", line 473, in iterate_with_context
    next_output = next(iterator)
                  ^^^^^^^^^^^^^^
  File "/Users/brandoncgay/Library/Caches/pypoetry/virtualenvs/nyc-mobility-weather-analytics-No2Cn8th-py3.12/lib/python3.12/site-packages/dagster/_core/execution/plan/compute_generator.py", line 141, in _coerce_op_compute_fn_to_iterator
    result = invoke_compute_fn(
             ^^^^^^^^^^^^^^^^^^
  File "/Users/brandoncgay/Library/Caches/pypoetry/virtualenvs/nyc-mobility-weather-analytics-No2Cn8th-py3.12/lib/python3.12/site-packages/dagster/_core/execution/plan/compute_generator.py", line 129, in invoke_compute_fn
    return fn(context, **args_to_pass) if context_arg_provided else fn(**args_to_pass)
           ^^^^^^^^^^^^^^^^^^^^^^^^^^^
  File "/Users/brandoncgay/Documents/Projects/nyc-mobility-weather-analytics/orchestration/assets/monthly_ingestion.py", line 76, in monthly_dlt_ingestion
    result = subprocess.run(
             ^^^^^^^^^^^^^^^
  File "/opt/homebrew/Cellar/python@3.12/3.12.12/Frameworks/Python.framework/Versions/3.12/lib/python3.12/subprocess.py", line 550, in run
    stdout, stderr = process.communicate(input, timeout=timeout)
                     ^^^^^^^^^^^^^^^^^^^^^^^^^^^^^^^^^^^^^^^^^^^
  File "/opt/homebrew/Cellar/python@3.12/3.12.12/Frameworks/Python.framework/Versions/3.12/lib/python3.12/subprocess.py", line 1209, in communicate
    stdout, stderr = self._communicate(input, endtime, timeout)
                     ^^^^^^^^^^^^^^^^^^^^^^^^^^^^^^^^^^^^^^^^^^
  File "/opt/homebrew/Cellar/python@3.12/3.12.12/Frameworks/Python.framework/Versions/3.12/lib/python3.12/subprocess.py", line 2115, in _communicate
    ready = selector.select(timeout)
            ^^^^^^^^^^^^^^^^^^^^^^^^
  File "/opt/homebrew/Cellar/python@3.12/3.12.12/Frameworks/Python.framework/Versions/3.12/lib/python3.12/selectors.py", line 415, in select
    fd_event_list = self._selector.poll(timeout)
                    ^^^^^^^^^^^^^^^^^^^^^^^^^^^^
  File "/Users/brandoncgay/Library/Caches/pypoetry/virtualenvs/nyc-mobility-weather-analytics-No2Cn8th-py3.12/lib/python3.12/site-packages/dagster/_utils/interrupts.py", line 82, in _new_signal_handler
    raise error_cls()

