2026-01-07 17:40:24 -0700 - dagster - DEBUG - monthly_ingestion - 95735dfa-7360-4149-9bce-8aab07555d5c - 62727 - LOGS_CAPTURED - Started capturing logs in process (pid: 62727).
2026-01-07 17:40:24 -0700 - dagster - DEBUG - monthly_ingestion - 95735dfa-7360-4149-9bce-8aab07555d5c - 62727 - monthly_dlt_ingestion - STEP_START - Started execution of step "monthly_dlt_ingestion".
2026-01-07 17:40:24 -0700 - dagster - INFO - monthly_ingestion - 95735dfa-7360-4149-9bce-8aab07555d5c - monthly_dlt_ingestion - Starting DLT ingestion for 2025-09 (sources: taxi,citibike,weather)
2026-01-07 17:40:24 -0700 - dagster - INFO - monthly_ingestion - 95735dfa-7360-4149-9bce-8aab07555d5c - monthly_dlt_ingestion - Running command: poetry run python /Users/brandoncgay/Documents/Projects/nyc-mobility-weather-analytics/src/ingestion/run_pipeline.py --year 2025 --months 9 --sources taxi,citibike,weather
2026-01-07 17:48:30 -0700 - dagster - ERROR - monthly_ingestion - 95735dfa-7360-4149-9bce-8aab07555d5c - monthly_dlt_ingestion - DLT ingestion failed: /Users/brandoncgay/Library/Caches/pypoetry/virtualenvs/nyc-mobility-weather-analytics-No2Cn8th-py3.12/lib/python3.12/site-packages/dlt/helpers/dbt/__init__.py:3: UserWarning: pkg_resources is deprecated as an API. See https://setuptools.pypa.io/en/latest/pkg_resources.html. The pkg_resources package is slated for removal as early as 2025-11-30. Refrain from using this package or pin to Setuptools<81.
  import pkg_resources

2026-01-07 17:48:30 -0700 - dagster - ERROR - monthly_ingestion - 95735dfa-7360-4149-9bce-8aab07555d5c - 62727 - monthly_dlt_ingestion - STEP_FAILURE - Execution of step "monthly_dlt_ingestion" failed.

dagster._core.errors.DagsterExecutionStepExecutionError: Error occurred while executing op "monthly_dlt_ingestion"::

RuntimeError: Monthly ingestion failed for 2025-09: /Users/brandoncgay/Library/Caches/pypoetry/virtualenvs/nyc-mobility-weather-analytics-No2Cn8th-py3.12/lib/python3.12/site-packages/dlt/helpers/dbt/__init__.py:3: UserWarning: pkg_resources is deprecated as an API. See https://setuptools.pypa.io/en/latest/pkg_resources.html. The pkg_resources package is slated for removal as early as 2025-11-30. Refrain from using this package or pin to Setuptools<81.
  import pkg_resources


Stack Trace:
  File "/Users/brandoncgay/Library/Caches/pypoetry/virtualenvs/nyc-mobility-weather-analytics-No2Cn8th-py3.12/lib/python3.12/site-packages/dagster/_core/execution/plan/utils.py", line 54, in op_execution_error_boundary
    yield
  File "/Users/brandoncgay/Library/Caches/pypoetry/virtualenvs/nyc-mobility-weather-analytics-No2Cn8th-py3.12/lib/python3.12/site-packages/dagster/_utils/__init__.py", line 473, in iterate_with_context
    next_output = next(iterator)
                  ^^^^^^^^^^^^^^
  File "/Users/brandoncgay/Library/Caches/pypoetry/virtualenvs/nyc-mobility-weather-analytics-No2Cn8th-py3.12/lib/python3.12/site-packages/dagster/_core/execution/plan/compute_generator.py", line 141, in _coerce_op_compute_fn_to_iterator
    result = invoke_compute_fn(
             ^^^^^^^^^^^^^^^^^^
  File "/Users/brandoncgay/Library/Caches/pypoetry/virtualenvs/nyc-mobility-weather-analytics-No2Cn8th-py3.12/lib/python3.12/site-packages/dagster/_core/execution/plan/compute_generator.py", line 129, in invoke_compute_fn
    return fn(context, **args_to_pass) if context_arg_provided else fn(**args_to_pass)
           ^^^^^^^^^^^^^^^^^^^^^^^^^^^
  File "/Users/brandoncgay/Documents/Projects/nyc-mobility-weather-analytics/orchestration/assets/monthly_ingestion.py", line 85, in monthly_dlt_ingestion
    raise RuntimeError(

