2026-01-07 18:27:27 -0700 - dagster - DEBUG - monthly_ingestion - a9b82af9-193d-4086-b84d-fbeda1d7056d - 72636 - LOGS_CAPTURED - Started capturing logs in process (pid: 72636).
2026-01-07 18:27:27 -0700 - dagster - DEBUG - monthly_ingestion - a9b82af9-193d-4086-b84d-fbeda1d7056d - 72636 - monthly_dbt_transformation - STEP_START - Started execution of step "monthly_dbt_transformation".
2026-01-07 18:27:27 -0700 - dagster - DEBUG - monthly_ingestion - a9b82af9-193d-4086-b84d-fbeda1d7056d - monthly_dbt_transformation - Loading file from: /Users/brandoncgay/Documents/Projects/nyc-mobility-weather-analytics/tmpvxdhpv0z/storage/monthly_dlt_ingestion using PickledObjectFilesystemIOManager...
2026-01-07 18:27:27 -0700 - dagster - DEBUG - monthly_ingestion - a9b82af9-193d-4086-b84d-fbeda1d7056d - 72636 - monthly_dbt_transformation - LOADED_INPUT - Loaded input "monthly_dlt_ingestion" using input manager "io_manager", from output "result" of step "monthly_dlt_ingestion"
2026-01-07 18:27:27 -0700 - dagster - DEBUG - monthly_ingestion - a9b82af9-193d-4086-b84d-fbeda1d7056d - 72636 - monthly_dbt_transformation - STEP_INPUT - Got input "monthly_dlt_ingestion" of type "dict". (Type check passed).
2026-01-07 18:27:27 -0700 - dagster - INFO - monthly_ingestion - a9b82af9-193d-4086-b84d-fbeda1d7056d - monthly_dbt_transformation - Starting dbt transformation for 2025-09 data (incremental mode)
2026-01-07 18:27:37 -0700 - dagster - ERROR - monthly_ingestion - a9b82af9-193d-4086-b84d-fbeda1d7056d - monthly_dbt_transformation - dbt build failed: 
2026-01-07 18:27:37 -0700 - dagster - ERROR - monthly_ingestion - a9b82af9-193d-4086-b84d-fbeda1d7056d - 72636 - monthly_dbt_transformation - STEP_FAILURE - Execution of step "monthly_dbt_transformation" failed.

dagster._core.errors.DagsterExecutionStepExecutionError: Error occurred while executing op "monthly_dbt_transformation"::

RuntimeError: dbt transformation failed: 

Stack Trace:
  File "/Users/brandoncgay/Library/Caches/pypoetry/virtualenvs/nyc-mobility-weather-analytics-No2Cn8th-py3.12/lib/python3.12/site-packages/dagster/_core/execution/plan/utils.py", line 54, in op_execution_error_boundary
    yield
  File "/Users/brandoncgay/Library/Caches/pypoetry/virtualenvs/nyc-mobility-weather-analytics-No2Cn8th-py3.12/lib/python3.12/site-packages/dagster/_utils/__init__.py", line 473, in iterate_with_context
    next_output = next(iterator)
                  ^^^^^^^^^^^^^^
  File "/Users/brandoncgay/Library/Caches/pypoetry/virtualenvs/nyc-mobility-weather-analytics-No2Cn8th-py3.12/lib/python3.12/site-packages/dagster/_core/execution/plan/compute_generator.py", line 141, in _coerce_op_compute_fn_to_iterator
    result = invoke_compute_fn(
             ^^^^^^^^^^^^^^^^^^
  File "/Users/brandoncgay/Library/Caches/pypoetry/virtualenvs/nyc-mobility-weather-analytics-No2Cn8th-py3.12/lib/python3.12/site-packages/dagster/_core/execution/plan/compute_generator.py", line 129, in invoke_compute_fn
    return fn(context, **args_to_pass) if context_arg_provided else fn(**args_to_pass)
           ^^^^^^^^^^^^^^^^^^^^^^^^^^^
  File "/Users/brandoncgay/Documents/Projects/nyc-mobility-weather-analytics/orchestration/assets/monthly_ingestion.py", line 155, in monthly_dbt_transformation
    raise RuntimeError(f"dbt transformation failed: {result.stderr}")

