[32m2026-01-08 16:40:35 -0700[0m - dagster - [34mDEBUG[0m - monthly_ingestion - ca689360-9d5b-4cee-be68-4d926d9be3b8 - 49933 - LOGS_CAPTURED - Started capturing logs in process (pid: 49933).
[32m2026-01-08 16:40:35 -0700[0m - dagster - [34mDEBUG[0m - monthly_ingestion - ca689360-9d5b-4cee-be68-4d926d9be3b8 - 49933 - monthly_dbt_transformation - STEP_START - Started execution of step "monthly_dbt_transformation".
[32m2026-01-08 16:40:35 -0700[0m - dagster - [34mDEBUG[0m - monthly_ingestion - ca689360-9d5b-4cee-be68-4d926d9be3b8 - monthly_dbt_transformation - Loading file from: /Users/brandoncgay/Documents/Projects/nyc-mobility-weather-analytics/tmpjnvmf9r0/storage/monthly_dlt_ingestion using PickledObjectFilesystemIOManager...
[32m2026-01-08 16:40:35 -0700[0m - dagster - [34mDEBUG[0m - monthly_ingestion - ca689360-9d5b-4cee-be68-4d926d9be3b8 - 49933 - monthly_dbt_transformation - LOADED_INPUT - Loaded input "monthly_dlt_ingestion" using input manager "io_manager", from output "result" of step "monthly_dlt_ingestion"
[32m2026-01-08 16:40:35 -0700[0m - dagster - [34mDEBUG[0m - monthly_ingestion - ca689360-9d5b-4cee-be68-4d926d9be3b8 - 49933 - monthly_dbt_transformation - STEP_INPUT - Got input "monthly_dlt_ingestion" of type "dict". (Type check passed).
[32m2026-01-08 16:40:35 -0700[0m - dagster - [34mINFO[0m - monthly_ingestion - ca689360-9d5b-4cee-be68-4d926d9be3b8 - monthly_dbt_transformation - Starting dbt transformation for 2025-07 data (incremental mode)
[32m2026-01-08 16:40:44 -0700[0m - dagster - [34mINFO[0m - monthly_ingestion - ca689360-9d5b-4cee-be68-4d926d9be3b8 - monthly_dbt_transformation - dbt stdout (last 2000 chars): tg_citibike__trips .......................... [RUN]
[0m23:40:37  6 of 11 START sql view model core.stg_tlc__fhv_taxi ............................ [RUN]
[0m23:40:37  4 of 11 OK created sql table model core_core.metricflow_time_spine ............. [[32mOK[0m in 0.08s]
[0m23:40:37  7 of 11 START sql view model core.stg_tlc__yellow_taxi ......................... [RUN]
[0m23:40:37  1 of 11 OK created sql table model core_core.dim_date .......................... [[32mOK[0m in 0.14s]
[0m23:40:37  8 of 11 START sql view model core.stg_weather__hourly .......................... [RUN]
[0m23:40:37  5 of 11 OK created sql view model core.stg_citibike__trips ..................... [[32mOK[0m in 0.11s]
[0m23:40:37  6 of 11 OK created sql view model core.stg_tlc__fhv_taxi ....................... [[32mOK[0m in 0.11s]
[0m23:40:37  7 of 11 OK created sql view model core.stg_tlc__yellow_taxi .................... [[32mOK[0m in 0.04s]
[0m23:40:37  8 of 11 OK created sql view model core.stg_weather__hourly ..................... [[32mOK[0m in 0.09s]
[0m23:40:37  9 of 11 START sql table model core_core.dim_weather ............................ [RUN]
[0m23:40:37  9 of 11 OK created sql table model core_core.dim_weather ....................... [[32mOK[0m in 0.08s]
[0m23:40:37  10 of 11 START sql incremental model core_core.fct_trips ....................... [RUN]
[0m23:40:42  10 of 11 OK created sql incremental model core_core.fct_trips .................. [[32mOK[0m in 4.96s]
[0m23:40:42  11 of 11 START sql incremental model core_core.fct_hourly_mobility ............. [RUN]
[0m23:40:43  11 of 11 OK created sql incremental model core_core.fct_hourly_mobility ........ [[32mOK[0m in 0.51s]
[0m23:40:43  
[0m23:40:43  Finished running 5 table models, 4 view models, 2 incremental models in 0 hours 0 minutes and 5.92 seconds (5.92s).
[0m23:40:43  
[0m23:40:43  [32mCompleted successfully[0m
[0m23:40:43  
[0m23:40:43  Done. PASS=11 WARN=0 ERROR=0 SKIP=0 TOTAL=11

[32m2026-01-08 16:40:44 -0700[0m - dagster - [34mINFO[0m - monthly_ingestion - ca689360-9d5b-4cee-be68-4d926d9be3b8 - monthly_dbt_transformation - ✓ dbt run successful for 2025-07: 11 models completed
[32m2026-01-08 16:40:44 -0700[0m - dagster - [34mDEBUG[0m - monthly_ingestion - ca689360-9d5b-4cee-be68-4d926d9be3b8 - 49933 - monthly_dbt_transformation - STEP_OUTPUT - Yielded output "result" of type "dict". (Type check passed).
[32m2026-01-08 16:40:44 -0700[0m - dagster - [34mDEBUG[0m - monthly_ingestion - ca689360-9d5b-4cee-be68-4d926d9be3b8 - monthly_dbt_transformation - Writing file at: /Users/brandoncgay/Documents/Projects/nyc-mobility-weather-analytics/tmpjnvmf9r0/storage/monthly_dbt_transformation using PickledObjectFilesystemIOManager...
[32m2026-01-08 16:40:44 -0700[0m - dagster - [34mDEBUG[0m - monthly_ingestion - ca689360-9d5b-4cee-be68-4d926d9be3b8 - 49933 - monthly_dbt_transformation - ASSET_MATERIALIZATION - Materialized value monthly_dbt_transformation.
[32m2026-01-08 16:40:44 -0700[0m - dagster - [34mDEBUG[0m - monthly_ingestion - ca689360-9d5b-4cee-be68-4d926d9be3b8 - 49933 - monthly_dbt_transformation - HANDLED_OUTPUT - Handled output "result" using IO manager "io_manager"
[32m2026-01-08 16:40:44 -0700[0m - dagster - [34mDEBUG[0m - monthly_ingestion - ca689360-9d5b-4cee-be68-4d926d9be3b8 - 49933 - monthly_dbt_transformation - STEP_SUCCESS - Finished execution of step "monthly_dbt_transformation" in 8.54s.
